=== Log opened UTC 2020-12-18 08:27:29
2020-12-18 08:27:29.431 INFO    DCS: Command line: "C:\Program Files\Eagle Dynamics\DCS World OpenBeta\bin/DCS.exe"
2020-12-18 08:27:29.431 INFO    DCS: DCS/2.5.6.59398 (x86_64; Windows NT 10.0.19041)
2020-12-18 08:27:29.431 INFO    DCS: DCS revision: 179396
2020-12-18 08:27:29.431 INFO    DCS: Renderer revision: 21314
2020-12-18 08:27:29.431 INFO    DCS: Terrain revision: 21287
2020-12-18 08:27:29.431 INFO    DCS: CPU cores: 6, threads: 12, System RAM: 16313 MB, Pagefile: 2700 MB
2020-12-18 08:27:29.482 INFO    EDCORE: (dDispatcher)enterToState_:0
2020-12-18 08:27:29.578 INFO    Dispatcher: 2020/12/18 09:27 V1803061700
2020-12-18 08:27:29.621 INFO    INPUT: Device [Keyboard] created deviceId = -1
2020-12-18 08:27:29.654 INFO    INPUT: Device [2-axis,4button joystick w_view finder,rudder {8746E1B0-2128-11eb-8001-444553540000}] created deviceId = -1
2020-12-18 08:27:29.654 INFO    INPUT: Joystick created[2-axis,4button joystick w_view finder,rudder {8746E1B0-2128-11eb-8001-444553540000}], ForceFeedBack: no
2020-12-18 08:27:29.659 INFO    INPUT: Device [F16 MFD 2 {62AFCA90-DCC4-11ea-8004-444553540000}] created deviceId = -1
2020-12-18 08:27:29.659 INFO    INPUT: Joystick created[F16 MFD 2 {62AFCA90-DCC4-11ea-8004-444553540000}], ForceFeedBack: no
2020-12-18 08:27:29.665 INFO    INPUT: Device [F16 MFD 1 {62AFF1A0-DCC4-11ea-8005-444553540000}] created deviceId = -1
2020-12-18 08:27:29.665 INFO    INPUT: Joystick created[F16 MFD 1 {62AFF1A0-DCC4-11ea-8005-444553540000}], ForceFeedBack: no
2020-12-18 08:27:29.665 INFO    INPUT: Device [JoyWarrior A8-16 {E381B580-DCC8-11ea-8002-444553540000}] created deviceId = -1
2020-12-18 08:27:29.665 INFO    INPUT: Joystick created[JoyWarrior A8-16 {E381B580-DCC8-11ea-8002-444553540000}], ForceFeedBack: no
2020-12-18 08:27:29.668 INFO    INPUT: Device [Thrustmaster HOTAS Cougar {71708130-CF60-11ea-8003-444553540000}] created deviceId = -1
2020-12-18 08:27:29.668 INFO    INPUT: Joystick created[Thrustmaster HOTAS Cougar {71708130-CF60-11ea-8003-444553540000}], ForceFeedBack: no
2020-12-18 08:27:29.669 INFO    INPUT: Device [Generic   USB  Joystick   {E381B580-DCC8-11ea-8001-444553540000}] created deviceId = -1
2020-12-18 08:27:29.669 INFO    INPUT: Joystick created[Generic   USB  Joystick   {E381B580-DCC8-11ea-8001-444553540000}], ForceFeedBack: no
2020-12-18 08:27:29.670 INFO    INPUT: Device [New {62AAC180-DCC4-11ea-8001-444553540000}] created deviceId = -1
2020-12-18 08:27:29.670 INFO    INPUT: Joystick created[New {62AAC180-DCC4-11ea-8001-444553540000}], ForceFeedBack: no
2020-12-18 08:27:29.671 INFO    INPUT: Device [Mouse] created deviceId = -1
2020-12-18 08:27:29.689 INFO    INPUT: Device [TrackIR] created deviceId = -1
2020-12-18 08:27:29.711 INFO    SOUND: Using driver: wasapi
2020-12-18 08:27:29.712 INFO    SOUND: Found 3 available audio device(s):
2020-12-18 08:27:29.712 INFO    SOUND:   0: ID: "{0.0.0.00000000}.{5a6483e4-9cb0-4dbb-8130-13889749b1e8}", Name: "3 - Panasonic-TV (2- AMD High Definition Audio Device)"
2020-12-18 08:27:29.712 INFO    SOUND:   1: ID: "{0.0.0.00000000}.{c87e5214-2257-405e-8a76-2792177564a7}", Name: "Lautsprecher (Realtek High Definition Audio)"
2020-12-18 08:27:29.712 INFO    SOUND:   2: ID: "{0.0.0.00000000}.{e282eed8-e148-469e-86de-856c47079f35}", Name: "Headset (5- SB Tactic3D Rage Wireless)"
2020-12-18 08:27:33.112 INFO    SOUND: Added sound path: Sounds
2020-12-18 08:27:33.148 INFO    SOUNDER: Loaded 207 packed sounders.
2020-12-18 08:27:33.148 INFO    Dispatcher: InitLow
2020-12-18 08:27:33.262 INFO    EDCORE: Loaded C:/Program Files/Eagle Dynamics/DCS World OpenBeta/bin/CockpitBase.dll
2020-12-18 08:33:05.010 INFO    NET: Login success.
2020-12-18 08:33:05.741 INFO    NET: Got auth data.
2020-12-18 08:33:06.028 INFO    DCS: Successfully got authorization data.
2020-12-18 08:33:06.040 INFO    Dispatcher: Loading installed modules...
2020-12-18 08:33:11.990 INFO    Scripting: OBSOLETE mount_vfs_sound_path() used in ./CoreMods/aircraft/AJS37/entry.lua
2020-12-18 08:33:12.121 INFO    Scripting: OBSOLETE mount_vfs_sound_path() used in ./Mods/aircraft/F14/entry.lua
2020-12-18 08:33:12.263 INFO    Scripting: PLUGINS START-------------------------------------------------
2020-12-18 08:33:12.323 INFO    SOUND: Added sound path: ./CoreMods/tech/Animals/Sounds
2020-12-18 08:33:12.360 INFO    SOUND: Added sound path: ./CoreMods/tech/TechWeaponPack/Sounds
2020-12-18 08:33:12.372 INFO    SOUNDER: Loaded 24 packed sounders.
2020-12-18 08:33:12.545 INFO    SOUND: Added sound path: ./CoreMods/tech/USS John C Stennis/Sounds
2020-12-18 08:33:12.549 INFO    SOUNDER: Loaded 1 packed sounders.
2020-12-18 08:33:12.558 INFO    SOUND: Added sound path: ./CoreMods/tech/USS_Nimitz/Sounds
2020-12-18 08:33:12.562 INFO    SOUNDER: Loaded 5 packed sounders.
2020-12-18 08:33:12.828 INFO    SOUND: Added sound path: ./CoreMods/aircraft/AJS37/Sounds
2020-12-18 08:33:12.918 INFO    SOUND: Added sound path: ./CoreMods/aircraft/AV8BNA/Sounds
2020-12-18 08:33:12.974 INFO    SOUNDER: Loaded 1 sounders.
2020-12-18 08:33:12.976 WARNING EDCORE: Source ./CoreMods/aircraft/AV8BNA/Shapes is already mounted to the same mount /models/.
2020-12-18 08:33:13.000 INFO    SOUND: Added sound path: ./CoreMods/aircraft/C-101/Sounds
2020-12-18 08:33:13.063 INFO    SOUND: Added sound path: ./CoreMods/aircraft/ChinaAssetPack/Sounds
2020-12-18 08:33:13.169 INFO    SOUNDER: Loaded 11 sounders.
2020-12-18 08:33:13.193 INFO    SOUND: Added sound path: ./CoreMods/aircraft/Christen Eagle II/Sounds
2020-12-18 08:33:13.568 INFO    SOUND: Added sound path: ./CoreMods/aircraft/F14/Sounds
2020-12-18 08:33:13.643 INFO    SOUNDER: Loaded 1 sounders.
2020-12-18 08:33:13.685 INFO    SOUND: Added sound path: ./CoreMods/aircraft/Hawk/Sounds
2020-12-18 08:33:13.704 INFO    SOUND: Added sound path: ./CoreMods/aircraft/I-16/Sounds
2020-12-18 08:33:13.821 INFO    SOUND: Added sound path: ./CoreMods/aircraft/M-2000C/Sounds
2020-12-18 08:33:13.901 INFO    SOUND: Added sound path: ./CoreMods/aircraft/MiG-21bis/Sounds
2020-12-18 08:33:13.940 INFO    SOUND: Added sound path: ./CoreMods/aircraft/SA342/Sounds
2020-12-18 08:33:14.021 INFO    SOUND: Added sound path: ./Mods/tech/CombinedArms/Sounds
2020-12-18 08:33:14.067 INFO    SOUND: Added sound path: ./Mods/aircraft/F-16C/Sounds
2020-12-18 08:33:14.170 INFO    SOUND: Added sound path: ./Mods/aircraft/F14/Sounds
2020-12-18 08:33:40.948 INFO    SOUND: Added sound path: ./Mods/aircraft/FA-18C/Sounds
2020-12-18 08:33:41.000 INFO    SOUND: Added sound path: ./Mods/aircraft/FW-190A8/Sounds
2020-12-18 08:33:41.040 INFO    SOUND: Added sound path: ./Mods/aircraft/FW-190D9/Sounds
2020-12-18 08:33:41.054 INFO    SOUND: Added sound path: ./Mods/aircraft/Flaming Cliffs/Sounds
2020-12-18 08:33:41.131 INFO    SOUND: Added sound path: ./Mods/aircraft/L-39C/Sounds
2020-12-18 08:33:41.146 INFO    SOUND: Added sound path: ./Mods/aircraft/M-2000C/Sounds
2020-12-18 08:33:41.290 INFO    SOUND: Added sound path: ./Mods/aircraft/MIG-21bis/Sounds
2020-12-18 08:33:41.628 INFO    SOUND: Added sound path: ./Mods/aircraft/Mi-8MTV2/Sounds
2020-12-18 08:33:41.670 INFO    SOUND: Added sound path: ./Mods/aircraft/MiG-15bis/Sounds
2020-12-18 08:33:41.688 INFO    SOUND: Added sound path: ./Mods/aircraft/P-51D/Sounds
2020-12-18 08:33:41.704 INFO    SOUND: Added sound path: ./Mods/aircraft/TF-51D/Sounds
2020-12-18 08:33:41.723 INFO    SOUND: Added sound path: ./Mods/aircraft/Uh-1H/Sounds
2020-12-18 08:33:41.748 INFO    SOUND: Added sound path: ./Mods/terrains/Nevada/Sounds
2020-12-18 08:33:41.758 INFO    SOUND: Added sound path: ./Mods/terrains/Normandy/Sounds
2020-12-18 08:33:41.770 INFO    SOUND: Added sound path: ./Mods/terrains/PersianGulf/Sounds
2020-12-18 08:33:41.774 INFO    Scripting: plugin: SKIPPED 'A-10A by Eagle Dynamics': disabled by 'Flaming Cliffs by Eagle Dynamics'
2020-12-18 08:33:41.779 INFO    Scripting: plugin: SKIPPED 'F-15C': disabled by 'Flaming Cliffs by Eagle Dynamics'
2020-12-18 08:33:41.783 INFO    Scripting: plugin: SKIPPED 'MiG-29 Fulcrum by Eagle Dynamics': disabled by 'Flaming Cliffs by Eagle Dynamics'
2020-12-18 08:33:41.785 INFO    Scripting: plugin: SKIPPED 'Su-25A by Eagle Dynamics': disabled by 'Flaming Cliffs by Eagle Dynamics'
2020-12-18 08:33:41.786 INFO    Scripting: plugin: SKIPPED 'Su-27 Flanker by Eagle Dynamics': disabled by 'Flaming Cliffs by Eagle Dynamics'
2020-12-18 08:33:41.786 INFO    Scripting: plugin: SKIPPED 'Su-33 Flanker by Eagle Dynamics': disabled by 'Flaming Cliffs by Eagle Dynamics'
2020-12-18 08:33:41.796 INFO    Scripting: PLUGINS DONE--------------------------------------------------
2020-12-18 08:33:42.218 INFO    EDCORE: Loaded C:/Program Files/Eagle Dynamics/DCS World OpenBeta/CoreMods/aircraft/AV8BNA/bin/AV8B_AI.dll
2020-12-18 08:33:42.221 INFO    EDCORE: Loaded C:/Program Files/Eagle Dynamics/DCS World OpenBeta/CoreMods/aircraft/C-101/bin/C101Core.dll
2020-12-18 08:33:42.223 INFO    EDCORE: Loaded C:/Program Files/Eagle Dynamics/DCS World OpenBeta/CoreMods/aircraft/ChinaAssetPack/bin/CAP_AI.dll
2020-12-18 08:33:42.225 INFO    EDCORE: Loaded C:/Program Files/Eagle Dynamics/DCS World OpenBeta/CoreMods/aircraft/ChinaAssetPack/bin/JF-17_AI.dll
2020-12-18 08:33:42.227 INFO    CE2_AI: Loading CE AI
2020-12-18 08:33:42.227 INFO    EDCORE: Loaded C:/Program Files/Eagle Dynamics/DCS World OpenBeta/CoreMods/aircraft/Christen Eagle II/bin/CE2_AI.dll
2020-12-18 08:33:42.230 INFO    EDCORE: Loaded C:/Program Files/Eagle Dynamics/DCS World OpenBeta/CoreMods/aircraft/F14/bin/F14-AI.dll
2020-12-18 08:33:42.233 INFO    MiG21_AI: Loading CE AI
2020-12-18 08:33:42.233 INFO    EDCORE: Loaded C:/Program Files/Eagle Dynamics/DCS World OpenBeta/CoreMods/aircraft/MiG-21bis/bin/MiG21_AI.dll
2020-12-18 08:33:42.241 INFO    EDCORE: Loaded C:/Program Files/Eagle Dynamics/DCS World OpenBeta/CoreMods/services/CaptoGlove/bin/edCaptoGlove.dll
2020-12-18 08:33:42.241 INFO    EDCAPTOGLOVE: [2020-12-18, 09:33:42] [Debug] Constructed board central
2020-12-18 08:33:42.241 INFO    EDCAPTOGLOVE: [2020-12-18, 09:33:42] [Info] Discovering peripherals...
2020-12-18 08:33:42.277 INFO    EDCORE: Loaded C:/Program Files/Eagle Dynamics/DCS World OpenBeta/CoreMods/services/VoiceChat/bin/VoiceChat.dll
2020-12-18 08:33:42.857 INFO    EDCORE: Loaded C:/Program Files/Eagle Dynamics/DCS World OpenBeta/CoreMods/services/jsAvionics/bin/jsAvionics.dll
2020-12-18 08:33:43.286 INFO    EDCORE: Loaded C:/Program Files/Eagle Dynamics/DCS World OpenBeta/Mods/tech/CombinedArms/bin/GroundCockpitBase.dll
2020-12-18 08:33:43.598 INFO    EDCORE: Loaded C:/Program Files/Eagle Dynamics/DCS World OpenBeta/Mods/tech/CombinedArms/bin/CombinedArms.dll
2020-12-18 08:33:43.717 INFO    DCS: options.graphics =
{
	['messagesFontScale'] = 1;
	['LensEffects'] = 3;
	['heatBlr'] = 0;
	['anisotropy'] = 4;
	['water'] = 2;
	['scaleGui'] = 1;
	['visibRange'] = 'High';
	['treesVisibility'] = 6000;
	['aspect'] = 1.6666666666;
	['lights'] = 2;
	['shadows'] = 2;
	['MSAA'] = 2;
	['SSAA'] = 0;
	['civTraffic'] = '';
	['clutterMaxDistance'] = 0;
	['cockpitGI'] = 1;
	['terrainTextures'] = 'min';
	['multiMonitorSetup'] = '1camera';
	['shadowTree'] = false;
	['chimneySmokeDensity'] = 4;
	['fullScreen'] = false;
	['DOF'] = 0;
	['clouds'] = 1;
	['flatTerrainShadows'] = 0;
	['height'] = 768;
	['SSLR'] = 0;
	['effects'] = 3;
	['outputGamma'] = 2.2;
	['useDeferredShading'] = 1;
	['sync'] = false;
	['width'] = 1280;
	['forestDistanceFactor'] = 0.5;
	['textures'] = 0;
	['preloadRadius'] = 150000;
	['terrainMapMFD'] = 
	{
		['distance'] = 
		{
			['mapLodDistance3'] = 200000;
			['mapLodDistance2'] = 100000;
			['mapLodDistance0'] = 25000;
			['mapLodDistance1'] = 50000;
		};
	};
};
2020-12-18 08:33:43.725 INFO    GRAPHICSVISTA: renderer: 'dx11backend.dll'
2020-12-18 08:33:44.333 INFO    DX11BACKEND: DX11Renderer initialization (w:1280 h:768 fullscrn:0 vsync:0 adapter:0 monitor:0 shaderErrors:1)
2020-12-18 08:33:44.401 INFO    DX11BACKEND: Driver Concurrent Creates - 1
2020-12-18 08:33:44.401 INFO    DX11BACKEND: Driver Command Lists - 0
2020-12-18 08:33:44.431 INFO    DX11BACKEND: NvAPI_Initialize Error: 
2020-12-18 08:33:44.455 INFO    DX11BACKEND: ATI Adapter AMD Radeon RX 5700 XT
2020-12-18 08:33:44.455 INFO    DX11BACKEND: ATI Driver Version 19.50.29.27-200515a-355311C-RadeonSoftwareAdrenalin2020
2020-12-18 08:33:44.455 INFO    DX11BACKEND: AGS Version 3.2.0
2020-12-18 08:33:44.455 INFO    DX11BACKEND: GPU count:1
2020-12-18 08:33:44.518 INFO    DX11BACKEND: commonPool: 68-128, cbPool: 4-14, samplerPool: 5-16
2020-12-18 08:33:44.537 INFO    DX11BACKEND: DX11ShaderBinaries::loadCache Bazar/shaders/fxo/fxo.zip
2020-12-18 08:33:46.793 ERROR   EDCORE: Can't open file 'bazar/shaders/posteffects/slot.fx.' from fs
2020-12-18 08:33:46.793 WARNING DX11BACKEND: Shader posteffects/slot.fx:DIRECTX11=true;USE_DCS_DEFERRED=1; is outdated as file bazar/shaders/posteffects/slot.fx is modified.
2020-12-18 08:33:47.634 INFO    DX11BACKEND: DX11ShaderBinaries::loadCache done. Loaded 1126/1127.
2020-12-18 08:33:47.640 INFO    DX11BACKEND: DX11ShaderBinaries::loadCache C:\Users\Admin\Saved Games\DCS.openbeta\fxo
2020-12-18 08:33:47.641 INFO    DX11BACKEND: DX11ShaderBinaries::loadCache done. Loaded 0/0.
2020-12-18 08:33:47.710 INFO    VISUALIZER: SceneManager initialization
2020-12-18 08:33:47.780 ERROR   DX11BACKEND: Can't find precompiled shader deferred/blurcompute.fx:DIRECTX11=true;FILTER_KERNEL0= 0.00333, 0.02382, 0.09719, 0.22598, 0.29937, 0.22598, 0.09719,;FILTER_KERNEL1= 0.02382, 0.00333;FILTER_KERNEL2;FILTER_KERNEL3;FILTER_KERNEL4;FILTER_SIZE=9;PIXELS_PER_THREAD_X=1;PIXELS_PER_THREAD_Y=1;SHARED_PIXELS_COUNT=320;SIZE_X=320;SIZE_Y=192;USE_DCS_DEFERRED=1;.
2020-12-18 08:33:47.780 INFO    DX11BACKEND: Compile shader: deferred/blurcompute.fx:DIRECTX11=true;FILTER_KERNEL0= 0.00333, 0.02382, 0.09719, 0.22598, 0.29937, 0.22598, 0.09719,;FILTER_KERNEL1= 0.02382, 0.00333;FILTER_KERNEL2;FILTER_KERNEL3;FILTER_KERNEL4;FILTER_SIZE=9;PIXELS_PER_THREAD_X=1;PIXELS_PER_THREAD_Y=1;SHARED_PIXELS_COUNT=320;SIZE_X=320;SIZE_Y=192;USE_DCS_DEFERRED=1;
2020-12-18 08:33:47.867 ERROR   DX11BACKEND: Can't find precompiled shader deferred/blurcompute.fx:DIRECTX11=true;FILTER_KERNEL0= 0.00222, 0.00877, 0.02702, 0.06483, 0.12111, 0.17621, 0.19968,;FILTER_KERNEL1= 0.17621, 0.12111, 0.06483, 0.02702, 0.00877, 0.00222;FILTER_KERNEL2;FILTER_KERNEL3;FILTER_KERNEL4;FILTER_SIZE=13;PIXELS_PER_THREAD_X=1;PIXELS_PER_THREAD_Y=1;SHARED_PIXELS_COUNT=320;SIZE_X=320;SIZE_Y=192;USE_DCS_DEFERRED=1;.
2020-12-18 08:33:47.867 INFO    DX11BACKEND: Compile shader: deferred/blurcompute.fx:DIRECTX11=true;FILTER_KERNEL0= 0.00222, 0.00877, 0.02702, 0.06483, 0.12111, 0.17621, 0.19968,;FILTER_KERNEL1= 0.17621, 0.12111, 0.06483, 0.02702, 0.00877, 0.00222;FILTER_KERNEL2;FILTER_KERNEL3;FILTER_KERNEL4;FILTER_SIZE=13;PIXELS_PER_THREAD_X=1;PIXELS_PER_THREAD_Y=1;SHARED_PIXELS_COUNT=320;SIZE_X=320;SIZE_Y=192;USE_DCS_DEFERRED=1;
2020-12-18 08:33:47.933 ERROR   DX11BACKEND: Can't find precompiled shader deferred/blurcompute.fx:DIRECTX11=true;FILTER_KERNEL0= 0.00166, 0.00478, 0.01192, 0.02583, 0.04863, 0.07956, 0.11308,;FILTER_KERNEL1= 0.13963, 0.14980, 0.13963, 0.11308, 0.07956, 0.04863, 0.02583,;FILTER_KERNEL2= 0.01192, 0.00478, 0.00166;FILTER_KERNEL3;FILTER_KERNEL4;FILTER_SIZE=17;PIXELS_PER_THREAD_X=1;PIXELS_PER_THREAD_Y=1;SHARED_PIXELS_COUNT=320;SIZE_X=320;SIZE_Y=192;USE_DCS_DEFERRED=1;.
2020-12-18 08:33:47.933 INFO    DX11BACKEND: Compile shader: deferred/blurcompute.fx:DIRECTX11=true;FILTER_KERNEL0= 0.00166, 0.00478, 0.01192, 0.02583, 0.04863, 0.07956, 0.11308,;FILTER_KERNEL1= 0.13963, 0.14980, 0.13963, 0.11308, 0.07956, 0.04863, 0.02583,;FILTER_KERNEL2= 0.01192, 0.00478, 0.00166;FILTER_KERNEL3;FILTER_KERNEL4;FILTER_SIZE=17;PIXELS_PER_THREAD_X=1;PIXELS_PER_THREAD_Y=1;SHARED_PIXELS_COUNT=320;SIZE_X=320;SIZE_Y=192;USE_DCS_DEFERRED=1;
2020-12-18 08:33:48.002 ERROR   DX11BACKEND: Can't find precompiled shader deferred/blurcompute.fx:DIRECTX11=true;FILTER_KERNEL0= 0.00133, 0.00313, 0.00673, 0.01322, 0.02372, 0.03892, 0.05835,;FILTER_KERNEL1= 0.07995, 0.10012, 0.11460, 0.11987, 0.11460, 0.10012, 0.07995,;FILTER_KERNEL2= 0.05835, 0.03892, 0.02372, 0.01322, 0.00673, 0.00313, 0.00133;FILTER_KERNEL3;FILTER_KERNEL4;FILTER_SIZE=21;PIXELS_PER_THREAD_X=1;PIXELS_PER_THREAD_Y=1;SHARED_PIXELS_COUNT=320;SIZE_X=320;SIZE_Y=192;USE_DCS_DEFERRED=1;.
2020-12-18 08:33:48.002 INFO    DX11BACKEND: Compile shader: deferred/blurcompute.fx:DIRECTX11=true;FILTER_KERNEL0= 0.00133, 0.00313, 0.00673, 0.01322, 0.02372, 0.03892, 0.05835,;FILTER_KERNEL1= 0.07995, 0.10012, 0.11460, 0.11987, 0.11460, 0.10012, 0.07995,;FILTER_KERNEL2= 0.05835, 0.03892, 0.02372, 0.01322, 0.00673, 0.00313, 0.00133;FILTER_KERNEL3;FILTER_KERNEL4;FILTER_SIZE=21;PIXELS_PER_THREAD_X=1;PIXELS_PER_THREAD_Y=1;SHARED_PIXELS_COUNT=320;SIZE_X=320;SIZE_Y=192;USE_DCS_DEFERRED=1;
2020-12-18 08:33:48.081 ERROR   DX11BACKEND: Can't find precompiled shader deferred/blurcompute.fx:DIRECTX11=true;FILTER_KERNEL0= 0.00333, 0.02382, 0.09719, 0.22598, 0.29937, 0.22598, 0.09719,;FILTER_KERNEL1= 0.02382, 0.00333;FILTER_KERNEL2;FILTER_KERNEL3;FILTER_KERNEL4;FILTER_SIZE=9;PIXELS_PER_THREAD_X=1;PIXELS_PER_THREAD_Y=1;SHARED_PIXELS_COUNT=160;SIZE_X=160;SIZE_Y=96;USE_DCS_DEFERRED=1;.
2020-12-18 08:33:48.081 INFO    DX11BACKEND: Compile shader: deferred/blurcompute.fx:DIRECTX11=true;FILTER_KERNEL0= 0.00333, 0.02382, 0.09719, 0.22598, 0.29937, 0.22598, 0.09719,;FILTER_KERNEL1= 0.02382, 0.00333;FILTER_KERNEL2;FILTER_KERNEL3;FILTER_KERNEL4;FILTER_SIZE=9;PIXELS_PER_THREAD_X=1;PIXELS_PER_THREAD_Y=1;SHARED_PIXELS_COUNT=160;SIZE_X=160;SIZE_Y=96;USE_DCS_DEFERRED=1;
2020-12-18 08:33:48.122 ERROR   DX11BACKEND: Can't find precompiled shader deferred/blurcompute.fx:DIRECTX11=true;FILTER_KERNEL0= 0.00222, 0.00877, 0.02702, 0.06483, 0.12111, 0.17621, 0.19968,;FILTER_KERNEL1= 0.17621, 0.12111, 0.06483, 0.02702, 0.00877, 0.00222;FILTER_KERNEL2;FILTER_KERNEL3;FILTER_KERNEL4;FILTER_SIZE=13;PIXELS_PER_THREAD_X=1;PIXELS_PER_THREAD_Y=1;SHARED_PIXELS_COUNT=160;SIZE_X=160;SIZE_Y=96;USE_DCS_DEFERRED=1;.
2020-12-18 08:33:48.122 INFO    DX11BACKEND: Compile shader: deferred/blurcompute.fx:DIRECTX11=true;FILTER_KERNEL0= 0.00222, 0.00877, 0.02702, 0.06483, 0.12111, 0.17621, 0.19968,;FILTER_KERNEL1= 0.17621, 0.12111, 0.06483, 0.02702, 0.00877, 0.00222;FILTER_KERNEL2;FILTER_KERNEL3;FILTER_KERNEL4;FILTER_SIZE=13;PIXELS_PER_THREAD_X=1;PIXELS_PER_THREAD_Y=1;SHARED_PIXELS_COUNT=160;SIZE_X=160;SIZE_Y=96;USE_DCS_DEFERRED=1;
2020-12-18 08:33:48.165 ERROR   DX11BACKEND: Can't find precompiled shader deferred/blurcompute.fx:DIRECTX11=true;FILTER_KERNEL0= 0.00166, 0.00478, 0.01192, 0.02583, 0.04863, 0.07956, 0.11308,;FILTER_KERNEL1= 0.13963, 0.14980, 0.13963, 0.11308, 0.07956, 0.04863, 0.02583,;FILTER_KERNEL2= 0.01192, 0.00478, 0.00166;FILTER_KERNEL3;FILTER_KERNEL4;FILTER_SIZE=17;PIXELS_PER_THREAD_X=1;PIXELS_PER_THREAD_Y=1;SHARED_PIXELS_COUNT=160;SIZE_X=160;SIZE_Y=96;USE_DCS_DEFERRED=1;.
2020-12-18 08:33:48.165 INFO    DX11BACKEND: Compile shader: deferred/blurcompute.fx:DIRECTX11=true;FILTER_KERNEL0= 0.00166, 0.00478, 0.01192, 0.02583, 0.04863, 0.07956, 0.11308,;FILTER_KERNEL1= 0.13963, 0.14980, 0.13963, 0.11308, 0.07956, 0.04863, 0.02583,;FILTER_KERNEL2= 0.01192, 0.00478, 0.00166;FILTER_KERNEL3;FILTER_KERNEL4;FILTER_SIZE=17;PIXELS_PER_THREAD_X=1;PIXELS_PER_THREAD_Y=1;SHARED_PIXELS_COUNT=160;SIZE_X=160;SIZE_Y=96;USE_DCS_DEFERRED=1;
2020-12-18 08:33:48.209 ERROR   DX11BACKEND: Can't find precompiled shader deferred/blurcompute.fx:DIRECTX11=true;FILTER_KERNEL0= 0.00133, 0.00313, 0.00673, 0.01322, 0.02372, 0.03892, 0.05835,;FILTER_KERNEL1= 0.07995, 0.10012, 0.11460, 0.11987, 0.11460, 0.10012, 0.07995,;FILTER_KERNEL2= 0.05835, 0.03892, 0.02372, 0.01322, 0.00673, 0.00313, 0.00133;FILTER_KERNEL3;FILTER_KERNEL4;FILTER_SIZE=21;PIXELS_PER_THREAD_X=1;PIXELS_PER_THREAD_Y=1;SHARED_PIXELS_COUNT=160;SIZE_X=160;SIZE_Y=96;USE_DCS_DEFERRED=1;.
2020-12-18 08:33:48.209 INFO    DX11BACKEND: Compile shader: deferred/blurcompute.fx:DIRECTX11=true;FILTER_KERNEL0= 0.00133, 0.00313, 0.00673, 0.01322, 0.02372, 0.03892, 0.05835,;FILTER_KERNEL1= 0.07995, 0.10012, 0.11460, 0.11987, 0.11460, 0.10012, 0.07995,;FILTER_KERNEL2= 0.05835, 0.03892, 0.02372, 0.01322, 0.00673, 0.00313, 0.00133;FILTER_KERNEL3;FILTER_KERNEL4;FILTER_SIZE=21;PIXELS_PER_THREAD_X=1;PIXELS_PER_THREAD_Y=1;SHARED_PIXELS_COUNT=160;SIZE_X=160;SIZE_Y=96;USE_DCS_DEFERRED=1;
2020-12-18 08:33:48.254 ERROR   DX11BACKEND: Can't find precompiled shader deferred/blurcompute.fx:DIRECTX11=true;FILTER_KERNEL0= 0.00333, 0.02382, 0.09719, 0.22598, 0.29937, 0.22598, 0.09719,;FILTER_KERNEL1= 0.02382, 0.00333;FILTER_KERNEL2;FILTER_KERNEL3;FILTER_KERNEL4;FILTER_SIZE=9;PIXELS_PER_THREAD_X=1;PIXELS_PER_THREAD_Y=1;SHARED_PIXELS_COUNT=80;SIZE_X=80;SIZE_Y=48;USE_DCS_DEFERRED=1;.
2020-12-18 08:33:48.254 INFO    DX11BACKEND: Compile shader: deferred/blurcompute.fx:DIRECTX11=true;FILTER_KERNEL0= 0.00333, 0.02382, 0.09719, 0.22598, 0.29937, 0.22598, 0.09719,;FILTER_KERNEL1= 0.02382, 0.00333;FILTER_KERNEL2;FILTER_KERNEL3;FILTER_KERNEL4;FILTER_SIZE=9;PIXELS_PER_THREAD_X=1;PIXELS_PER_THREAD_Y=1;SHARED_PIXELS_COUNT=80;SIZE_X=80;SIZE_Y=48;USE_DCS_DEFERRED=1;
2020-12-18 08:33:48.281 ERROR   DX11BACKEND: Can't find precompiled shader deferred/blurcompute.fx:DIRECTX11=true;FILTER_KERNEL0= 0.00222, 0.00877, 0.02702, 0.06483, 0.12111, 0.17621, 0.19968,;FILTER_KERNEL1= 0.17621, 0.12111, 0.06483, 0.02702, 0.00877, 0.00222;FILTER_KERNEL2;FILTER_KERNEL3;FILTER_KERNEL4;FILTER_SIZE=13;PIXELS_PER_THREAD_X=1;PIXELS_PER_THREAD_Y=1;SHARED_PIXELS_COUNT=80;SIZE_X=80;SIZE_Y=48;USE_DCS_DEFERRED=1;.
2020-12-18 08:33:48.281 INFO    DX11BACKEND: Compile shader: deferred/blurcompute.fx:DIRECTX11=true;FILTER_KERNEL0= 0.00222, 0.00877, 0.02702, 0.06483, 0.12111, 0.17621, 0.19968,;FILTER_KERNEL1= 0.17621, 0.12111, 0.06483, 0.02702, 0.00877, 0.00222;FILTER_KERNEL2;FILTER_KERNEL3;FILTER_KERNEL4;FILTER_SIZE=13;PIXELS_PER_THREAD_X=1;PIXELS_PER_THREAD_Y=1;SHARED_PIXELS_COUNT=80;SIZE_X=80;SIZE_Y=48;USE_DCS_DEFERRED=1;
2020-12-18 08:33:48.310 ERROR   DX11BACKEND: Can't find precompiled shader deferred/blurcompute.fx:DIRECTX11=true;FILTER_KERNEL0= 0.00166, 0.00478, 0.01192, 0.02583, 0.04863, 0.07956, 0.11308,;FILTER_KERNEL1= 0.13963, 0.14980, 0.13963, 0.11308, 0.07956, 0.04863, 0.02583,;FILTER_KERNEL2= 0.01192, 0.00478, 0.00166;FILTER_KERNEL3;FILTER_KERNEL4;FILTER_SIZE=17;PIXELS_PER_THREAD_X=1;PIXELS_PER_THREAD_Y=1;SHARED_PIXELS_COUNT=80;SIZE_X=80;SIZE_Y=48;USE_DCS_DEFERRED=1;.
2020-12-18 08:33:48.310 INFO    DX11BACKEND: Compile shader: deferred/blurcompute.fx:DIRECTX11=true;FILTER_KERNEL0= 0.00166, 0.00478, 0.01192, 0.02583, 0.04863, 0.07956, 0.11308,;FILTER_KERNEL1= 0.13963, 0.14980, 0.13963, 0.11308, 0.07956, 0.04863, 0.02583,;FILTER_KERNEL2= 0.01192, 0.00478, 0.00166;FILTER_KERNEL3;FILTER_KERNEL4;FILTER_SIZE=17;PIXELS_PER_THREAD_X=1;PIXELS_PER_THREAD_Y=1;SHARED_PIXELS_COUNT=80;SIZE_X=80;SIZE_Y=48;USE_DCS_DEFERRED=1;
2020-12-18 08:33:48.341 ERROR   DX11BACKEND: Can't find precompiled shader deferred/blurcompute.fx:DIRECTX11=true;FILTER_KERNEL0= 0.00133, 0.00313, 0.00673, 0.01322, 0.02372, 0.03892, 0.05835,;FILTER_KERNEL1= 0.07995, 0.10012, 0.11460, 0.11987, 0.11460, 0.10012, 0.07995,;FILTER_KERNEL2= 0.05835, 0.03892, 0.02372, 0.01322, 0.00673, 0.00313, 0.00133;FILTER_KERNEL3;FILTER_KERNEL4;FILTER_SIZE=21;PIXELS_PER_THREAD_X=1;PIXELS_PER_THREAD_Y=1;SHARED_PIXELS_COUNT=80;SIZE_X=80;SIZE_Y=48;USE_DCS_DEFERRED=1;.
2020-12-18 08:33:48.341 INFO    DX11BACKEND: Compile shader: deferred/blurcompute.fx:DIRECTX11=true;FILTER_KERNEL0= 0.00133, 0.00313, 0.00673, 0.01322, 0.02372, 0.03892, 0.05835,;FILTER_KERNEL1= 0.07995, 0.10012, 0.11460, 0.11987, 0.11460, 0.10012, 0.07995,;FILTER_KERNEL2= 0.05835, 0.03892, 0.02372, 0.01322, 0.00673, 0.00313, 0.00133;FILTER_KERNEL3;FILTER_KERNEL4;FILTER_SIZE=21;PIXELS_PER_THREAD_X=1;PIXELS_PER_THREAD_Y=1;SHARED_PIXELS_COUNT=80;SIZE_X=80;SIZE_Y=48;USE_DCS_DEFERRED=1;
2020-12-18 08:33:48.374 ERROR   DX11BACKEND: Can't find precompiled shader deferred/blurcompute.fx:DIRECTX11=true;FILTER_KERNEL0= 0.00333, 0.02382, 0.09719, 0.22598, 0.29937, 0.22598, 0.09719,;FILTER_KERNEL1= 0.02382, 0.00333;FILTER_KERNEL2;FILTER_KERNEL3;FILTER_KERNEL4;FILTER_SIZE=9;PIXELS_PER_THREAD_X=1;PIXELS_PER_THREAD_Y=1;SHARED_PIXELS_COUNT=40;SIZE_X=40;SIZE_Y=24;USE_DCS_DEFERRED=1;.
2020-12-18 08:33:48.374 INFO    DX11BACKEND: Compile shader: deferred/blurcompute.fx:DIRECTX11=true;FILTER_KERNEL0= 0.00333, 0.02382, 0.09719, 0.22598, 0.29937, 0.22598, 0.09719,;FILTER_KERNEL1= 0.02382, 0.00333;FILTER_KERNEL2;FILTER_KERNEL3;FILTER_KERNEL4;FILTER_SIZE=9;PIXELS_PER_THREAD_X=1;PIXELS_PER_THREAD_Y=1;SHARED_PIXELS_COUNT=40;SIZE_X=40;SIZE_Y=24;USE_DCS_DEFERRED=1;
2020-12-18 08:33:48.396 ERROR   DX11BACKEND: Can't find precompiled shader deferred/blurcompute.fx:DIRECTX11=true;FILTER_KERNEL0= 0.00222, 0.00877, 0.02702, 0.06483, 0.12111, 0.17621, 0.19968,;FILTER_KERNEL1= 0.17621, 0.12111, 0.06483, 0.02702, 0.00877, 0.00222;FILTER_KERNEL2;FILTER_KERNEL3;FILTER_KERNEL4;FILTER_SIZE=13;PIXELS_PER_THREAD_X=1;PIXELS_PER_THREAD_Y=1;SHARED_PIXELS_COUNT=40;SIZE_X=40;SIZE_Y=24;USE_DCS_DEFERRED=1;.
2020-12-18 08:33:48.396 INFO    DX11BACKEND: Compile shader: deferred/blurcompute.fx:DIRECTX11=true;FILTER_KERNEL0= 0.00222, 0.00877, 0.02702, 0.06483, 0.12111, 0.17621, 0.19968,;FILTER_KERNEL1= 0.17621, 0.12111, 0.06483, 0.02702, 0.00877, 0.00222;FILTER_KERNEL2;FILTER_KERNEL3;FILTER_KERNEL4;FILTER_SIZE=13;PIXELS_PER_THREAD_X=1;PIXELS_PER_THREAD_Y=1;SHARED_PIXELS_COUNT=40;SIZE_X=40;SIZE_Y=24;USE_DCS_DEFERRED=1;
2020-12-18 08:33:48.419 ERROR   DX11BACKEND: Can't find precompiled shader deferred/blurcompute.fx:DIRECTX11=true;FILTER_KERNEL0= 0.00166, 0.00478, 0.01192, 0.02583, 0.04863, 0.07956, 0.11308,;FILTER_KERNEL1= 0.13963, 0.14980, 0.13963, 0.11308, 0.07956, 0.04863, 0.02583,;FILTER_KERNEL2= 0.01192, 0.00478, 0.00166;FILTER_KERNEL3;FILTER_KERNEL4;FILTER_SIZE=17;PIXELS_PER_THREAD_X=1;PIXELS_PER_THREAD_Y=1;SHARED_PIXELS_COUNT=40;SIZE_X=40;SIZE_Y=24;USE_DCS_DEFERRED=1;.
2020-12-18 08:33:48.419 INFO    DX11BACKEND: Compile shader: deferred/blurcompute.fx:DIRECTX11=true;FILTER_KERNEL0= 0.00166, 0.00478, 0.01192, 0.02583, 0.04863, 0.07956, 0.11308,;FILTER_KERNEL1= 0.13963, 0.14980, 0.13963, 0.11308, 0.07956, 0.04863, 0.02583,;FILTER_KERNEL2= 0.01192, 0.00478, 0.00166;FILTER_KERNEL3;FILTER_KERNEL4;FILTER_SIZE=17;PIXELS_PER_THREAD_X=1;PIXELS_PER_THREAD_Y=1;SHARED_PIXELS_COUNT=40;SIZE_X=40;SIZE_Y=24;USE_DCS_DEFERRED=1;
2020-12-18 08:33:48.444 ERROR   DX11BACKEND: Can't find precompiled shader deferred/blurcompute.fx:DIRECTX11=true;FILTER_KERNEL0= 0.00133, 0.00313, 0.00673, 0.01322, 0.02372, 0.03892, 0.05835,;FILTER_KERNEL1= 0.07995, 0.10012, 0.11460, 0.11987, 0.11460, 0.10012, 0.07995,;FILTER_KERNEL2= 0.05835, 0.03892, 0.02372, 0.01322, 0.00673, 0.00313, 0.00133;FILTER_KERNEL3;FILTER_KERNEL4;FILTER_SIZE=21;PIXELS_PER_THREAD_X=1;PIXELS_PER_THREAD_Y=1;SHARED_PIXELS_COUNT=40;SIZE_X=40;SIZE_Y=24;USE_DCS_DEFERRED=1;.
2020-12-18 08:33:48.444 INFO    DX11BACKEND: Compile shader: deferred/blurcompute.fx:DIRECTX11=true;FILTER_KERNEL0= 0.00133, 0.00313, 0.00673, 0.01322, 0.02372, 0.03892, 0.05835,;FILTER_KERNEL1= 0.07995, 0.10012, 0.11460, 0.11987, 0.11460, 0.10012, 0.07995,;FILTER_KERNEL2= 0.05835, 0.03892, 0.02372, 0.01322, 0.00673, 0.00313, 0.00133;FILTER_KERNEL3;FILTER_KERNEL4;FILTER_SIZE=21;PIXELS_PER_THREAD_X=1;PIXELS_PER_THREAD_Y=1;SHARED_PIXELS_COUNT=40;SIZE_X=40;SIZE_Y=24;USE_DCS_DEFERRED=1;
2020-12-18 08:33:48.472 ERROR   DX11BACKEND: Can't find precompiled shader deferred/blurcompute.fx:DIRECTX11=true;FILTER_KERNEL0= 0.00333, 0.02382, 0.09719, 0.22598, 0.29937, 0.22598, 0.09719,;FILTER_KERNEL1= 0.02382, 0.00333;FILTER_KERNEL2;FILTER_KERNEL3;FILTER_KERNEL4;FILTER_SIZE=9;PIXELS_PER_THREAD_X=1;PIXELS_PER_THREAD_Y=1;SHARED_PIXELS_COUNT=20;SIZE_X=20;SIZE_Y=12;USE_DCS_DEFERRED=1;.
2020-12-18 08:33:48.472 INFO    DX11BACKEND: Compile shader: deferred/blurcompute.fx:DIRECTX11=true;FILTER_KERNEL0= 0.00333, 0.02382, 0.09719, 0.22598, 0.29937, 0.22598, 0.09719,;FILTER_KERNEL1= 0.02382, 0.00333;FILTER_KERNEL2;FILTER_KERNEL3;FILTER_KERNEL4;FILTER_SIZE=9;PIXELS_PER_THREAD_X=1;PIXELS_PER_THREAD_Y=1;SHARED_PIXELS_COUNT=20;SIZE_X=20;SIZE_Y=12;USE_DCS_DEFERRED=1;
2020-12-18 08:33:48.491 ERROR   DX11BACKEND: Can't find precompiled shader deferred/blurcompute.fx:DIRECTX11=true;FILTER_KERNEL0= 0.00222, 0.00877, 0.02702, 0.06483, 0.12111, 0.17621, 0.19968,;FILTER_KERNEL1= 0.17621, 0.12111, 0.06483, 0.02702, 0.00877, 0.00222;FILTER_KERNEL2;FILTER_KERNEL3;FILTER_KERNEL4;FILTER_SIZE=13;PIXELS_PER_THREAD_X=1;PIXELS_PER_THREAD_Y=1;SHARED_PIXELS_COUNT=20;SIZE_X=20;SIZE_Y=12;USE_DCS_DEFERRED=1;.
2020-12-18 08:33:48.491 INFO    DX11BACKEND: Compile shader: deferred/blurcompute.fx:DIRECTX11=true;FILTER_KERNEL0= 0.00222, 0.00877, 0.02702, 0.06483, 0.12111, 0.17621, 0.19968,;FILTER_KERNEL1= 0.17621, 0.12111, 0.06483, 0.02702, 0.00877, 0.00222;FILTER_KERNEL2;FILTER_KERNEL3;FILTER_KERNEL4;FILTER_SIZE=13;PIXELS_PER_THREAD_X=1;PIXELS_PER_THREAD_Y=1;SHARED_PIXELS_COUNT=20;SIZE_X=20;SIZE_Y=12;USE_DCS_DEFERRED=1;
2020-12-18 08:33:48.512 ERROR   DX11BACKEND: Can't find precompiled shader deferred/blurcompute.fx:DIRECTX11=true;FILTER_KERNEL0= 0.00166, 0.00478, 0.01192, 0.02583, 0.04863, 0.07956, 0.11308,;FILTER_KERNEL1= 0.13963, 0.14980, 0.13963, 0.11308, 0.07956, 0.04863, 0.02583,;FILTER_KERNEL2= 0.01192, 0.00478, 0.00166;FILTER_KERNEL3;FILTER_KERNEL4;FILTER_SIZE=17;PIXELS_PER_THREAD_X=1;PIXELS_PER_THREAD_Y=1;SHARED_PIXELS_COUNT=20;SIZE_X=20;SIZE_Y=12;USE_DCS_DEFERRED=1;.
2020-12-18 08:33:48.512 INFO    DX11BACKEND: Compile shader: deferred/blurcompute.fx:DIRECTX11=true;FILTER_KERNEL0= 0.00166, 0.00478, 0.01192, 0.02583, 0.04863, 0.07956, 0.11308,;FILTER_KERNEL1= 0.13963, 0.14980, 0.13963, 0.11308, 0.07956, 0.04863, 0.02583,;FILTER_KERNEL2= 0.01192, 0.00478, 0.00166;FILTER_KERNEL3;FILTER_KERNEL4;FILTER_SIZE=17;PIXELS_PER_THREAD_X=1;PIXELS_PER_THREAD_Y=1;SHARED_PIXELS_COUNT=20;SIZE_X=20;SIZE_Y=12;USE_DCS_DEFERRED=1;
2020-12-18 08:33:48.535 ERROR   DX11BACKEND: Can't find precompiled shader deferred/blurcompute.fx:DIRECTX11=true;FILTER_KERNEL0= 0.00133, 0.00313, 0.00673, 0.01322, 0.02372, 0.03892, 0.05835,;FILTER_KERNEL1= 0.07995, 0.10012, 0.11460, 0.11987, 0.11460, 0.10012, 0.07995,;FILTER_KERNEL2= 0.05835, 0.03892, 0.02372, 0.01322, 0.00673, 0.00313, 0.00133;FILTER_KERNEL3;FILTER_KERNEL4;FILTER_SIZE=21;PIXELS_PER_THREAD_X=1;PIXELS_PER_THREAD_Y=1;SHARED_PIXELS_COUNT=20;SIZE_X=20;SIZE_Y=12;USE_DCS_DEFERRED=1;.
2020-12-18 08:33:48.535 INFO    DX11BACKEND: Compile shader: deferred/blurcompute.fx:DIRECTX11=true;FILTER_KERNEL0= 0.00133, 0.00313, 0.00673, 0.01322, 0.02372, 0.03892, 0.05835,;FILTER_KERNEL1= 0.07995, 0.10012, 0.11460, 0.11987, 0.11460, 0.10012, 0.07995,;FILTER_KERNEL2= 0.05835, 0.03892, 0.02372, 0.01322, 0.00673, 0.00313, 0.00133;FILTER_KERNEL3;FILTER_KERNEL4;FILTER_SIZE=21;PIXELS_PER_THREAD_X=1;PIXELS_PER_THREAD_Y=1;SHARED_PIXELS_COUNT=20;SIZE_X=20;SIZE_Y=12;USE_DCS_DEFERRED=1;
2020-12-18 08:33:48.559 ERROR   DX11BACKEND: Can't find precompiled shader deferred/blurcompute.fx:DIRECTX11=true;FILTER_KERNEL0= 0.00333, 0.02382, 0.09719, 0.22598, 0.29937, 0.22598, 0.09719,;FILTER_KERNEL1= 0.02382, 0.00333;FILTER_KERNEL2;FILTER_KERNEL3;FILTER_KERNEL4;FILTER_SIZE=9;PIXELS_PER_THREAD_X=1;PIXELS_PER_THREAD_Y=1;SHARED_PIXELS_COUNT=10;SIZE_X=10;SIZE_Y=6;USE_DCS_DEFERRED=1;.
2020-12-18 08:33:48.559 INFO    DX11BACKEND: Compile shader: deferred/blurcompute.fx:DIRECTX11=true;FILTER_KERNEL0= 0.00333, 0.02382, 0.09719, 0.22598, 0.29937, 0.22598, 0.09719,;FILTER_KERNEL1= 0.02382, 0.00333;FILTER_KERNEL2;FILTER_KERNEL3;FILTER_KERNEL4;FILTER_SIZE=9;PIXELS_PER_THREAD_X=1;PIXELS_PER_THREAD_Y=1;SHARED_PIXELS_COUNT=10;SIZE_X=10;SIZE_Y=6;USE_DCS_DEFERRED=1;
2020-12-18 08:33:48.577 ERROR   DX11BACKEND: Can't find precompiled shader deferred/blurcompute.fx:DIRECTX11=true;FILTER_KERNEL0= 0.00222, 0.00877, 0.02702, 0.06483, 0.12111, 0.17621, 0.19968,;FILTER_KERNEL1= 0.17621, 0.12111, 0.06483, 0.02702, 0.00877, 0.00222;FILTER_KERNEL2;FILTER_KERNEL3;FILTER_KERNEL4;FILTER_SIZE=13;PIXELS_PER_THREAD_X=1;PIXELS_PER_THREAD_Y=1;SHARED_PIXELS_COUNT=10;SIZE_X=10;SIZE_Y=6;USE_DCS_DEFERRED=1;.
2020-12-18 08:33:48.577 INFO    DX11BACKEND: Compile shader: deferred/blurcompute.fx:DIRECTX11=true;FILTER_KERNEL0= 0.00222, 0.00877, 0.02702, 0.06483, 0.12111, 0.17621, 0.19968,;FILTER_KERNEL1= 0.17621, 0.12111, 0.06483, 0.02702, 0.00877, 0.00222;FILTER_KERNEL2;FILTER_KERNEL3;FILTER_KERNEL4;FILTER_SIZE=13;PIXELS_PER_THREAD_X=1;PIXELS_PER_THREAD_Y=1;SHARED_PIXELS_COUNT=10;SIZE_X=10;SIZE_Y=6;USE_DCS_DEFERRED=1;
2020-12-18 08:33:48.596 ERROR   DX11BACKEND: Can't find precompiled shader deferred/blurcompute.fx:DIRECTX11=true;FILTER_KERNEL0= 0.00166, 0.00478, 0.01192, 0.02583, 0.04863, 0.07956, 0.11308,;FILTER_KERNEL1= 0.13963, 0.14980, 0.13963, 0.11308, 0.07956, 0.04863, 0.02583,;FILTER_KERNEL2= 0.01192, 0.00478, 0.00166;FILTER_KERNEL3;FILTER_KERNEL4;FILTER_SIZE=17;PIXELS_PER_THREAD_X=1;PIXELS_PER_THREAD_Y=1;SHARED_PIXELS_COUNT=10;SIZE_X=10;SIZE_Y=6;USE_DCS_DEFERRED=1;.
2020-12-18 08:33:48.596 INFO    DX11BACKEND: Compile shader: deferred/blurcompute.fx:DIRECTX11=true;FILTER_KERNEL0= 0.00166, 0.00478, 0.01192, 0.02583, 0.04863, 0.07956, 0.11308,;FILTER_KERNEL1= 0.13963, 0.14980, 0.13963, 0.11308, 0.07956, 0.04863, 0.02583,;FILTER_KERNEL2= 0.01192, 0.00478, 0.00166;FILTER_KERNEL3;FILTER_KERNEL4;FILTER_SIZE=17;PIXELS_PER_THREAD_X=1;PIXELS_PER_THREAD_Y=1;SHARED_PIXELS_COUNT=10;SIZE_X=10;SIZE_Y=6;USE_DCS_DEFERRED=1;
2020-12-18 08:33:48.617 ERROR   DX11BACKEND: Can't find precompiled shader deferred/blurcompute.fx:DIRECTX11=true;FILTER_KERNEL0= 0.00133, 0.00313, 0.00673, 0.01322, 0.02372, 0.03892, 0.05835,;FILTER_KERNEL1= 0.07995, 0.10012, 0.11460, 0.11987, 0.11460, 0.10012, 0.07995,;FILTER_KERNEL2= 0.05835, 0.03892, 0.02372, 0.01322, 0.00673, 0.00313, 0.00133;FILTER_KERNEL3;FILTER_KERNEL4;FILTER_SIZE=21;PIXELS_PER_THREAD_X=1;PIXELS_PER_THREAD_Y=1;SHARED_PIXELS_COUNT=10;SIZE_X=10;SIZE_Y=6;USE_DCS_DEFERRED=1;.
2020-12-18 08:33:48.617 INFO    DX11BACKEND: Compile shader: deferred/blurcompute.fx:DIRECTX11=true;FILTER_KERNEL0= 0.00133, 0.00313, 0.00673, 0.01322, 0.02372, 0.03892, 0.05835,;FILTER_KERNEL1= 0.07995, 0.10012, 0.11460, 0.11987, 0.11460, 0.10012, 0.07995,;FILTER_KERNEL2= 0.05835, 0.03892, 0.02372, 0.01322, 0.00673, 0.00313, 0.00133;FILTER_KERNEL3;FILTER_KERNEL4;FILTER_SIZE=21;PIXELS_PER_THREAD_X=1;PIXELS_PER_THREAD_Y=1;SHARED_PIXELS_COUNT=10;SIZE_X=10;SIZE_Y=6;USE_DCS_DEFERRED=1;
2020-12-18 08:33:48.876 INFO    VISUALIZER: cascade shadows init (preset:'default' quality:2 layers:4 size:1024)
2020-12-18 08:33:48.914 INFO    SOUND: Opening default audio device.
2020-12-18 08:33:48.918 INFO    SOUND: Driver reports 2 channels with mask 0x3
2020-12-18 08:33:48.918 INFO    SOUND: Using 2 channels at 48000 Hz
2020-12-18 08:33:48.918 INFO    SOUND: Channel layout: Headphones/Stereo
2020-12-18 08:33:48.994 INFO    DCS: gDescription: "AMD Radeon RX 5700 XT" gVendorId: 4098 gDeviceId: 29471 gMemory: 8151 MB
2020-12-18 08:33:49.016 ERROR   EDOBJECTS: Destruction shape not found AVIASHTAB_CRASH
2020-12-18 08:33:49.018 ERROR   EDOBJECTS: Object HB_F14_EXT_PHX_ALU with id=320 already declared in table MissileTable
2020-12-18 08:33:49.237 ERROR   WEAPONSBASE: invalid cx data <weapons.missiles.MBDA_Mistral><./CoreMods/aircraft/SA342/SA342_Weapons.lua>
2020-12-18 08:33:50.790 WARNING LOG: 1 duplicate message(s) skipped.
2020-12-18 08:33:50.790 INFO    DX11BACKEND: DX11ShaderBinaries::loadCache ./Mods/aircraft/F14/fxo
2020-12-18 08:33:50.792 INFO    DX11BACKEND: DX11ShaderBinaries::loadCache done. Loaded 0/0.
2020-12-18 08:33:50.837 INFO    EDCORE: (dDispatcher)enterToState_:1
2020-12-18 08:33:56.236 INFO    UIBASERENDERER: Cannot load font [C:\Program Files\Eagle Dynamics\DCS World OpenBeta\dxgui\skins\fonts\]!
2020-12-18 08:33:59.578 INFO    Dispatcher: //=== END OF INIT ======================================//
2020-12-18 08:33:59.578 INFO    EDCORE: (dDispatcher)enterToState_:2
2020-12-18 08:33:59.610 INFO    EDCORE: (dDispatcher)enterToState_:3
2020-12-18 08:33:59.610 INFO    Lua: Lua CPU usage: metric: average game loading: 11.5267 %
2020-12-18 08:33:59.633 INFO    DCS: Screen: MainMenu
2020-12-18 08:34:00.007 ERROR   SOUND: bufferEvent has timed out.
2020-12-18 08:36:01.044 WARNING LOG: 62 duplicate message(s) skipped.
2020-12-18 08:36:01.044 INFO    DCS: Screen: ModuleManager
2020-12-18 08:36:17.661 ERROR   SOUND: bufferEvent has timed out.
2020-12-18 08:36:21.927 WARNING LOG: 4 duplicate message(s) skipped.
2020-12-18 08:36:21.927 ERROR   SOUND: render time = 0.447758s exceeded allowed slice of 0.010000s
2020-12-18 08:36:22.079 ERROR   SOUND: bufferEvent has timed out.
2020-12-18 08:37:46.438 WARNING LOG: 23 duplicate message(s) skipped.
2020-12-18 08:37:46.438 INFO    DCS: Screen: MainMenu
2020-12-18 08:37:49.137 ERROR   SOUND: bufferEvent has timed out.
2020-12-18 08:37:54.617 WARNING LOG: 10 duplicate message(s) skipped.
2020-12-18 08:37:54.617 ERROR   SOUND: render time = 0.040024s exceeded allowed slice of 0.020000s
2020-12-18 08:37:56.321 ERROR   SOUND: render time = 0.095704s exceeded allowed slice of 0.020000s
2020-12-18 08:38:05.531 ERROR   SOUND: render time = 0.039993s exceeded allowed slice of 0.020000s
2020-12-18 08:38:13.467 ERROR   SOUND: bufferEvent has timed out.
2020-12-18 08:38:13.740 WARNING LOG: 1 duplicate message(s) skipped.
2020-12-18 08:38:13.740 ERROR   SOUND: render time = 0.023924s exceeded allowed slice of 0.020000s
2020-12-18 08:38:14.764 INFO    SOUND: Using SSSE3 for peak calc.
2020-12-18 08:38:14.764 INFO    EDCORE: (dDispatcher)enterToState_:5
2020-12-18 08:38:14.812 INFO    DCS: application shutdown
2020-12-18 08:38:14.910 INFO    EDOBJECTS: lTypeObjectManagerImpl::clear 0
2020-12-18 08:38:14.912 INFO    EDOBJECTS: lTypeObjectManagerImpl::clear 1
2020-12-18 08:38:14.912 INFO    EDOBJECTS: lTypeObjectManagerImpl::clear 2
2020-12-18 08:38:14.962 INFO    EDOBJECTS: lTypeObjectManagerImpl::clear 3
2020-12-18 08:38:15.004 INFO    EDOBJECTS: lTypeObjectManagerImpl::clear 4
2020-12-18 08:38:15.006 INFO    EDOBJECTS: lTypeObjectManagerImpl::clear 5
2020-12-18 08:38:15.007 INFO    EDOBJECTS: lTypeObjectManagerImpl::clear 6
2020-12-18 08:38:15.008 INFO    EDOBJECTS: lTypeObjectManagerImpl::clear 7
2020-12-18 08:38:15.008 INFO    EDOBJECTS: lTypeObjectManagerImpl::clear 8
2020-12-18 08:38:15.009 INFO    EDOBJECTS: lTypeObjectManagerImpl::clear 9
2020-12-18 08:38:15.009 INFO    EDOBJECTS: lTypeObjectManagerImpl::clear 10
2020-12-18 08:38:15.009 INFO    EDOBJECTS: lTypeObjectManagerImpl::clear 11
2020-12-18 08:38:15.009 INFO    EDOBJECTS: lTypeObjectManagerImpl::clear 12
2020-12-18 08:38:15.048 INFO    EDCAPTOGLOVE: [2020-12-18, 09:38:15] [Info] Stopping discovering peripherals
2020-12-18 08:38:15.048 INFO    EDCAPTOGLOVE: [2020-12-18, 09:38:15] [Debug] Disposed board central
2020-12-18 08:38:15.048 INFO    EDCAPTOGLOVE: [2020-12-18, 09:38:15] [Info] [Win] Disposed adapter
2020-12-18 08:38:15.317 INFO    VISUALIZER: SceneManager_Implement::~SceneManager_Implement()
2020-12-18 08:38:15.317 INFO    VISUALIZER: TerrainRenderer::release
2020-12-18 08:38:15.323 WARNING LOG: 1 duplicate message(s) skipped.
2020-12-18 08:38:15.323 INFO    TERRAIN: lSystem::exit()
2020-12-18 08:38:15.323 INFO    TERRAIN: lSystem::CleanScenes()
2020-12-18 08:38:15.331 INFO    DX11BACKEND: DX11Renderer::shutdown()
2020-12-18 08:38:15.378 INFO    DX11BACKEND: textures_count: 0
2020-12-18 08:38:15.378 INFO    DX11BACKEND: textures_size: 0
2020-12-18 08:38:15.378 INFO    DX11BACKEND: buffers_count: 0
2020-12-18 08:38:15.378 INFO    DX11BACKEND: buffers_size: 0
2020-12-18 08:38:15.378 INFO    DX11BACKEND: CB_count: 0
2020-12-18 08:38:15.378 INFO    DX11BACKEND: CB_size: 0
2020-12-18 08:38:15.378 INFO    DX11BACKEND: SB_count: 0
2020-12-18 08:38:15.378 INFO    DX11BACKEND: SB_size: 0
2020-12-18 08:38:15.378 INFO    DX11BACKEND: IB_count: 0
2020-12-18 08:38:15.378 INFO    DX11BACKEND: IB_size: 0
2020-12-18 08:38:15.378 INFO    DX11BACKEND: VB_count: 0
2020-12-18 08:38:15.378 INFO    DX11BACKEND: VB_size: 0
2020-12-18 08:38:15.378 INFO    DX11BACKEND: total_buffers_size: 0
2020-12-18 08:38:15.378 INFO    DX11BACKEND: total_size: 0
=== Log closed.
